Build started 15-Dec-14 8:53:28 PM.
     1>Project "c:\Users\Omar\documents\visual studio 2010\Projects\objectCategoryRecognition\objectCategoryRecognition\objectCategoryRecognition.vcxproj" on node 2 (build target(s)).
     1>InitializeBuildStatus:
         Creating "Debug\objectCategoryRecognition.unsuccessfulbuild" because "AlwaysCreate" was specified.
       ClCompile:
         c:\Program Files (x86)\Microsoft Visual Studio 10.0\VC\bin\CL.exe /c /ZI /nologo /W3 /WX- /Od /Oy- /D _MBCS /Gm /EHsc /RTC1 /MDd /GS /fp:precise /Zc:wchar_t /Zc:forScope /Fo"Debug\\" /Fd"Debug\vc100.pdb" /Gd /TP /analyze- /errorReport:prompt Milestone2.cpp
         Milestone2.cpp
     1>c:\users\omar\documents\visual studio 2010\projects\objectcategoryrecognition\objectcategoryrecognition\milestone2.cpp(48): warning C4018: '<' : signed/unsigned mismatch
       Link:
         c:\Program Files (x86)\Microsoft Visual Studio 10.0\VC\bin\link.exe /ERRORREPORT:PROMPT /OUT:"c:\users\omar\documents\visual studio 2010\Projects\objectCategoryRecognition\Debug\objectCategoryRecognition.exe" /NOLOGO opencv_calib3d2410d.lib opencv_contrib2410d.lib opencv_core2410d.lib opencv_features2d2410d.lib opencv_flann2410d.lib opencv_gpu2410d.lib opencv_highgui2410d.lib opencv_imgproc2410d.lib opencv_legacy2410d.lib opencv_ml2410d.lib opencv_nonfree2410d.lib opencv_objdetect2410d.lib opencv_photo2410d.lib opencv_stitching2410d.lib opencv_ts2410d.lib opencv_video2410d.lib opencv_videostab2410d.lib kernel32.lib user32.lib gdi32.lib winspool.lib comdlg32.lib advapi32.lib shell32.lib ole32.lib oleaut32.lib uuid.lib odbc32.lib odbccp32.lib /MANIFEST /ManifestFile:"Debug\objectCategoryRecognition.exe.intermediate.manifest" /MANIFESTUAC:"level='asInvoker' uiAccess='false'" /DEBUG /PDB:"c:\users\omar\documents\visual studio 2010\Projects\objectCategoryRecognition\Debug\objectCategoryRecognition.pdb" /TLBID:1 /DYNAMICBASE /NXCOMPAT /IMPLIB:"c:\users\omar\documents\visual studio 2010\Projects\objectCategoryRecognition\Debug\objectCategoryRecognition.lib" /MACHINE:X86 Debug\Milestone2.obj
         LINK : c:\users\omar\documents\visual studio 2010\Projects\objectCategoryRecognition\Debug\objectCategoryRecognition.exe not found or not built by the last incremental link; performing full link
         objectCategoryRecognition.vcxproj -> c:\users\omar\documents\visual studio 2010\Projects\objectCategoryRecognition\Debug\objectCategoryRecognition.exe
       Manifest:
         C:\Program Files (x86)\Microsoft SDKs\Windows\v7.0A\bin\mt.exe /nologo /verbose /outputresource:"c:\users\omar\documents\visual studio 2010\Projects\objectCategoryRecognition\Debug\objectCategoryRecognition.exe;#1" /manifest Debug\objectCategoryRecognition.exe.intermediate.manifest
       FinalizeBuildStatus:
         Deleting file "Debug\objectCategoryRecognition.unsuccessfulbuild".
         Touching "Debug\objectCategoryRecognition.lastbuildstate".
     1>Done Building Project "c:\Users\Omar\documents\visual studio 2010\Projects\objectCategoryRecognition\objectCategoryRecognition\objectCategoryRecognition.vcxproj" (build target(s)).

Build succeeded.

Time Elapsed 00:00:01.91
